<?xml version="1.0" encoding="UTF-8"?>
<testng-results skipped="0" failed="0" ignored="0" total="1" passed="1">
  <reporter-output>
  </reporter-output>
  <suite name="Surefire suite" duration-ms="2203" started-at="2021-01-21T10:12:17 CST" finished-at="2021-01-21T10:12:19 CST">
    <groups>
    </groups>
    <test name="Surefire test" duration-ms="2203" started-at="2021-01-21T10:12:17 CST" finished-at="2021-01-21T10:12:19 CST">
      <class name="com.fishpro.helloworld.HelloworldApplicationTests">
        <test-method status="PASS" signature="contextLoads()" name="contextLoads" duration-ms="1771" started-at="2021-01-21T10:12:17 CST" finished-at="2021-01-21T10:12:19 CST">
          <reporter-output>
          </reporter-output>
        </test-method> <!-- contextLoads -->
      </class> <!-- com.fishpro.helloworld.HelloworldApplicationTests -->
    </test> <!-- Surefire test -->
  </suite> <!-- Surefire suite -->
</testng-results>
